<?xml version="1.0" encoding="UTF-8"?>
<!-- Generated by org.testng.reporters.JUnitReportReporter -->
<testsuite hostname="LTIN486086" failures="0" tests="2" name="testCases.TC_02" time="2.950" errors="0" timestamp="2024-04-16T09:40:53 IST" skipped="0">
  <testcase classname="testCases.TC_02" name="checkSurgiersPageOpened" time="2.383"/>
  <testcase classname="testCases.TC_02" name="printSurgeries" time="0.567"/>
</testsuite> <!-- testCases.TC_02 -->
