<?xml version="1.0" encoding="UTF-8"?>
<!-- Generated by org.testng.reporters.JUnitReportReporter -->
<testsuite hostname="LTIN486086" failures="0" tests="2" name="testCases.TC_04" time="8.424" errors="0" timestamp="2024-04-16T09:40:53 IST" skipped="0">
  <testcase classname="testCases.TC_04" name="checkDemoPageOpened" time="7.031"/>
  <testcase classname="testCases.TC_04" name="validateForm_Valid_Detials" time="1.393"/>
</testsuite> <!-- testCases.TC_04 -->
