<?xml version="1.0" encoding="UTF-8"?>
<!-- Generated by org.testng.reporters.JUnitReportReporter -->
<testsuite hostname="LTIN486086" failures="0" tests="4" name="testCases.TC_01" time="20.673" errors="0" timestamp="2024-04-16T09:40:53 IST" skipped="0">
  <testcase classname="testCases.TC_01" name="checkLocations" time="5.923"/>
  <testcase classname="testCases.TC_01" name="checkSpecialist" time="0.189"/>
  <testcase classname="testCases.TC_01" name="checkUrl" time="0.258"/>
  <testcase classname="testCases.TC_01" name="checkDoctorDetials" time="14.303"/>
</testsuite> <!-- testCases.TC_01 -->
