<?xml version="1.0" encoding="UTF-8"?>
<!-- Generated by org.testng.reporters.JUnitReportReporter -->
<testsuite hostname="LTIN486086" failures="0" tests="1" name="testCases.TC_05" time="34.566" errors="0" timestamp="2024-04-16T09:40:53 IST" skipped="0">
  <testcase classname="testCases.TC_05" name="endToEnd" time="34.566"/>
</testsuite> <!-- testCases.TC_05 -->
