<?xml version="1.0" encoding="UTF-8"?>
<!-- Generated by org.testng.reporters.JUnitReportReporter -->
<testsuite hostname="LTIN486086" failures="0" tests="2" name="testCases.TC_03" time="11.708" errors="0" timestamp="2024-04-16T09:40:53 IST" skipped="0">
  <testcase classname="testCases.TC_03" name="checkDemoPageOpened" time="10.845"/>
  <testcase classname="testCases.TC_03" name="validateForm_Invalid_Detials" time="0.863"/>
</testsuite> <!-- testCases.TC_03 -->
