<?xml version="1.0" encoding="UTF-8"?>
<!-- Generated by org.testng.reporters.JUnitReportReporter -->
<testsuite hostname="LTIN486086" failures="0" tests="1" name="testCases.TC_05" time="31.681" errors="0" timestamp="2024-04-23T09:35:06 IST" skipped="0">
  <testcase classname="testCases.TC_05" name="endToEnd" time="31.681"/>
</testsuite> <!-- testCases.TC_05 -->
