<?xml version="1.0" encoding="UTF-8"?>
<!-- Generated by org.testng.reporters.JUnitReportReporter -->
<testsuite hostname="LTIN486086" failures="0" tests="4" name="testCases.TC_01" time="23.822" errors="0" timestamp="2024-04-23T09:35:06 IST" skipped="0">
  <testcase classname="testCases.TC_01" name="checkLocations" time="6.620"/>
  <testcase classname="testCases.TC_01" name="checkSpecialist" time="0.416"/>
  <testcase classname="testCases.TC_01" name="checkUrl" time="0.270"/>
  <testcase classname="testCases.TC_01" name="checkDoctorDetials" time="16.516"/>
</testsuite> <!-- testCases.TC_01 -->
