<?xml version="1.0" encoding="UTF-8"?>
<!-- Generated by org.testng.reporters.JUnitReportReporter -->
<testsuite hostname="LTIN486086" failures="0" tests="2" name="testCases.TC_03" time="7.541" errors="0" timestamp="2024-04-23T09:35:06 IST" skipped="0">
  <testcase classname="testCases.TC_03" name="checkDemoPageOpened" time="6.085"/>
  <testcase classname="testCases.TC_03" name="validateForm_Invalid_Detials" time="1.456"/>
</testsuite> <!-- testCases.TC_03 -->
