<?xml version="1.0" encoding="UTF-8"?>
<!-- Generated by org.testng.reporters.JUnitReportReporter -->
<testsuite hostname="LTIN486086" failures="0" tests="2" name="testCases.TC_04" time="7.782" errors="0" timestamp="2024-04-23T09:35:06 IST" skipped="0">
  <testcase classname="testCases.TC_04" name="checkDemoPageOpened" time="5.787"/>
  <testcase classname="testCases.TC_04" name="validateForm_Valid_Detials" time="1.995"/>
</testsuite> <!-- testCases.TC_04 -->
