<?xml version="1.0" encoding="UTF-8"?>
<!-- Generated by org.testng.reporters.JUnitReportReporter -->
<testsuite hostname="LTIN486086" failures="0" tests="6" name="TestCases.TC001_beCognizant" time="290.959" errors="0" timestamp="2024-03-28T13:38:26 IST" skipped="0">
  <testcase classname="TestCases.TC001_beCognizant" name="userVerification" time="42.659"/>
  <testcase classname="TestCases.TC001_beCognizant" name="userVerification" time="41.215"/>
  <testcase classname="TestCases.TC001_beCognizant" name="oneCognizantFunctions" time="18.418"/>
  <testcase classname="TestCases.TC001_beCognizant" name="oneCognizantFunctions" time="16.460"/>
  <testcase classname="TestCases.TC001_beCognizant" name="timeSheetNavigation" time="86.775"/>
  <testcase classname="TestCases.TC001_beCognizant" name="timeSheetNavigation" time="85.432"/>
</testsuite> <!-- TestCases.TC001_beCognizant -->
